<?xml version="1.0" encoding="UTF-8"?>
<!-- Generated by org.testng.reporters.JUnitReportReporter -->
<testsuite hostname="DESKTOP-OE4USJD" failures="0" tests="2" name="gridDemo.LoginTestOnChrome" time="11.613" errors="0" timestamp="2021-04-18T21:15:29 IST" skipped="0">
  <testcase classname="gridDemo.LoginTestOnChrome" name="setup" time="2.329"/>
  <system-out/>
  <testcase classname="gridDemo.LoginTestOnChrome" name="login" time="9.284"/>
  <system-out/>
</testsuite> <!-- gridDemo.LoginTestOnChrome -->
